<?xml version="1.0" encoding="UTF-8"?>
<!-- Generated by org.testng.reporters.JUnitReportReporter -->
<testsuite hostname="DESKTOP-PHLKVQ5" failures="0" tests="1" name="crudOperation.TestCase3" time="4.735" errors="0" timestamp="2023-05-17T10:47:21 IST" skipped="0">
  <testcase classname="crudOperation.TestCase3" name="TestCase03" time="4.735"/>
  <system-out/>
</testsuite> <!-- crudOperation.TestCase3 -->
