<?xml version="1.0" encoding="UTF-8"?>
<!-- Generated by org.testng.reporters.JUnitReportReporter -->
<testsuite hostname="DESKTOP-PHLKVQ5" failures="0" tests="6" name="crudOperation.CRUDOperations" time="10.340" errors="0" timestamp="2023-05-17T11:30:02 IST" skipped="0">
  <testcase classname="crudOperation.CRUDOperations" name="HTTPRequest" time="4.925"/>
  <system-out/>
  <testcase classname="crudOperation.CRUDOperations" name="GetRequest" time="0.640"/>
  <system-out/>
  <testcase classname="crudOperation.CRUDOperations" name="Create" time="1.374"/>
  <system-out/>
  <testcase classname="crudOperation.CRUDOperations" name="Update" time="1.196"/>
  <system-out/>
  <testcase classname="crudOperation.CRUDOperations" name="PATCH" time="0.924"/>
  <system-out/>
  <testcase classname="crudOperation.CRUDOperations" name="Delete" time="1.281"/>
  <system-out/>
</testsuite> <!-- crudOperation.CRUDOperations -->
